<?xml version="1.0" encoding="UTF-8"?>
<testsuite name="TestN1" tests="1" skipped="0" failures="0" errors="0" timestamp="2024-08-08T18:36:21" hostname="LAPTOP-ECA6UVPQ" time="10.947">
  <properties/>
  <testcase name="testN1()" classname="TestN1" time="10.947"/>
  <system-out><![CDATA[]]></system-out>
  <system-err><![CDATA[Starting ChromeDriver 127.0.6533.99 (f31af5097d90ef5ae5bd7b8700199bc6189ba34d-refs/branch-heads/6533@{#1910}) on port 46735
Only local connections are allowed.
Please see https://chromedriver.chromium.org/security-considerations for suggestions on keeping ChromeDriver safe.
ChromeDriver was started successfully.
авг. 08, 2024 9:36:22 PM org.openqa.selenium.remote.ProtocolHandshake createSession
INFO: Detected dialect: W3C
]]></system-err>
</testsuite>
